'Drop is begin'
old   1: DROP TABLESPACE &&TABLESPACE_NAME&&CURS
new   1: DROP TABLESPACE QWE3_DATA
DROP TABLESPACE QWE3_DATA
*
ERROR at line 1:
ORA-00959: tablespace 'QWE3_DATA' does not exist 


'DATA tablespace dropped'
old   1: DROP TABLESPACE &&TABLESPACE_NAME&&CURS1
new   1: DROP TABLESPACE QWE3_IDX
DROP TABLESPACE QWE3_IDX
*
ERROR at line 1:
ORA-00959: tablespace 'QWE3_IDX' does not exist 


'IDX tablespace dropped'
old   1: DROP USER &&USER_NAME CASCADE
new   1: DROP USER QWE3 CASCADE
DROP USER QWE3 CASCADE
*
ERROR at line 1:
ORA-01940: cannot drop a user that is currently connected 


'User dropped'
