'NEW Tablespace_DATA is start to create'
old   1:   CREATE SMALLFILE TABLESPACE &&TABLESPACE_NAME&CURS
new   1:   CREATE SMALLFILE TABLESPACE RTY3_DATA
old   2:   DATAFILE '&&TBS_LOCATION\&&TABLESPACE_NAME&CURS&EXT'
new   2:   DATAFILE 'C:\oracle\oradata\ORCL\RTY3_DATA.dbf'

Tablespace created.

'DATA Tablespace is created'
'NEW Tablespace_IDX is start to create'
old   1:   CREATE SMALLFILE TABLESPACE &&TABLESPACE_NAME&CURS1
new   1:   CREATE SMALLFILE TABLESPACE RTY3_IDX
old   2:   DATAFILE '&&TBS_LOCATION\&&TABLESPACE_NAME&CURS1&EXT'
new   2:   DATAFILE 'C:\oracle\oradata\ORCL\RTY3_IDX.dbf'

Tablespace created.

'IDX Tablespace is created'
====CREATE_USER====
old   1: CREATE USER &USER_NAME identified by &PASSWORD DEFAULT TABLESPACE &&USER_NAME&&CURS
new   1: CREATE USER RTY3 identified by oracle DEFAULT TABLESPACE RTY3_DATA
old   3:     QUOTA 100M on &&USER_NAME&&CURS
new   3:     QUOTA 100M on RTY3_DATA

User created.

====CREATE_USER_FINISHED====
old   1: GRANT CREATE PROCEDURE TO &&USER_NAME
new   1: GRANT CREATE PROCEDURE TO RTY3

Grant succeeded.

old   1: GRANT CREATE SEQUENCE TO &&USER_NAME
new   1: GRANT CREATE SEQUENCE TO RTY3

Grant succeeded.

old   1: GRANT CREATE TABLE TO &&USER_NAME
new   1: GRANT CREATE TABLE TO RTY3

Grant succeeded.

old   1: GRANT CREATE TYPE TO &&USER_NAME
new   1: GRANT CREATE TYPE TO RTY3

Grant succeeded.

old   1: GRANT CREATE TRIGGER TO &&USER_NAME
new   1: GRANT CREATE TRIGGER TO RTY3

Grant succeeded.

old   1: GRANT CREATE SYNONYM TO &&USER_NAME
new   1: GRANT CREATE SYNONYM TO RTY3

Grant succeeded.

old   1: GRANT CREATE SESSION TO &&USER_NAME
new   1: GRANT CREATE SESSION TO RTY3

Grant succeeded.

old   1: GRANT CREATE ANY DIRECTORY TO &&USER_NAME
new   1: GRANT CREATE ANY DIRECTORY TO RTY3

Grant succeeded.

